# Preference setting overrides
gui_create_pref_key -category {Globals} -key {load_detail_for_funcov} -value_type {bool} -value {false}

# State setting overrides
gui_state_default_create -off -ini
gui_set_state_value -category Layout -key child_console_size_x -value 1215
gui_set_state_value -category Layout -key child_console_size_y -value 172
gui_set_state_value -category Layout -key child_data_coltype -value 161
gui_set_state_value -category Layout -key child_data_colvalue -value 221
gui_set_state_value -category Layout -key child_data_colvariable -value 261
gui_set_state_value -category Layout -key child_data_size_x -value 652
gui_set_state_value -category Layout -key child_data_size_y -value 435
gui_set_state_value -category Layout -key child_hier_col3 -value {-1}
gui_set_state_value -category Layout -key child_hier_colhier -value 166
gui_set_state_value -category Layout -key child_hier_colpd -value 0
gui_set_state_value -category Layout -key child_hier_coltype -value 126
gui_set_state_value -category Layout -key child_hier_size_x -value 296
gui_set_state_value -category Layout -key child_hier_size_y -value 435
gui_set_state_value -category Layout -key child_source_docknewline -value false
gui_set_state_value -category Layout -key child_source_pos_x -value {-2}
gui_set_state_value -category Layout -key child_source_pos_y -value {-15}
gui_set_state_value -category Layout -key child_source_size_x -value 270
gui_set_state_value -category Layout -key child_source_size_y -value 430
gui_set_state_value -category Layout -key main_pos_x -value 1309
gui_set_state_value -category Layout -key main_pos_y -value 493
gui_set_state_value -category Layout -key main_size_x -value 2524
gui_set_state_value -category Layout -key main_size_y -value 1195
gui_create_state_key -category FindDialog -key m_pMatchCase -value_type bool -value false
gui_create_state_key -category FindDialog -key m_pMatchWord -value_type bool -value false
gui_create_state_key -category FindDialog -key m_pUseCombo -value_type string -value {}
gui_create_state_key -category FindDialog -key m_pWrapAround -value_type bool -value true
gui_state_default_create -off

# Begin command logging
