
Warning-[LINX_KRNL] Unsupported Linux kernel
  Linux kernel '5.15.0-53-generic' is not supported.
  Supported versions are 2.4* or 2.6*.

Command: vcs -R -full64 +v2k -fsdb -sverilog -f filelist.f -l run.log

Warning-[DEBUG_DEP] Option will be deprecated
  The option '-fsdb' will be deprecated in a future release.  Please use 
  '-debug_acc+dmptf -debug_region+cell+encrypt' instead.

                         Chronologic VCS (TM)
       Version O-2018.09-SP2_Full64 -- Sat Nov 26 22:14:46 2022
               Copyright (c) 1991-2018 by Synopsys Inc.
                         ALL RIGHTS RESERVED

This program is proprietary and confidential information of Synopsys Inc.
and may be used and disclosed only as authorized in a license agreement
controlling such use and disclosure.

Parsing design file 'add.v'
Parsing design file 'tb_add.v'
Parsing design file 'timescale.v'
Top Level Modules:
       tb_add
No TimeScale specified
Starting vcs inline pass...
1 module and 0 UDP read.
recompiling module tb_add
make[1]: Entering directory '/home/mjh/IC_Experient/add/csrc'
rm -f _csrc*.so pre_vcsobj_*.so share_vcsobj_*.so
if [ -x ../simv ]; then chmod -x ../simv; fi
g++  -o ../simv -no-pie  -Wl,--no-as-needed    -Wl,-rpath-link=./ -Wl,-rpath='$ORIGIN'/simv.daidir/ \
-Wl,-rpath=./simv.daidir/ -Wl,-rpath='$ORIGIN'/simv.daidir//scsim.db.dir  -L/usr/lib/x86_64-linux-gnu \
-L/lib/x86_64-linux-gnu -Wl,--no-as-needed -rdynamic  -Wl,-rpath=/home/mjh/IC_EDA/Synopsys/vcs2018/vcs/O-2018.09-SP2/linux64/lib \
-L/home/mjh/IC_EDA/Synopsys/vcs2018/vcs/O-2018.09-SP2/linux64/lib   objs/amcQw_d.o \
_8197_archive_1.so  SIM_l.o       rmapats_mop.o rmapats.o rmar.o rmar_nd.o  rmar_llvm_0_1.o \
rmar_llvm_0_0.o          -lzerosoft_rt_stubs -lvirsim -lerrorinf -lsnpsmalloc -lvfs \
-lvcsnew -lsimprofile -luclinative /home/mjh/IC_EDA/Synopsys/vcs2018/vcs/O-2018.09-SP2/linux64/lib/vcs_tls.o \
-Wl,-whole-archive -lvcsucli -Wl,-no-whole-archive        _vcs_pli_stub_.o   /home/mjh/IC_EDA/Synopsys/vcs2018/vcs/O-2018.09-SP2/linux64/lib/vcs_save_restore_new.o \
/home/mjh/IC_EDA/Synopsys/verdi2018/verdi/Verdi_O-2018.09-SP2/share/PLI/VCS/LINUX64/pli.a \
-ldl  -lc -lm -lpthread -ldl 
../simv up to date
make[1]: Leaving directory '/home/mjh/IC_Experient/add/csrc'
Command: /home/mjh/IC_Experient/add/./simv +v2k -a run.log
Chronologic VCS simulator copyright 1991-2018
Contains Synopsys proprietary information.
Compiler version O-2018.09-SP2_Full64; Runtime version O-2018.09-SP2_Full64;  Nov 26 22:14 2022
*Verdi* Loading libsscore_vcs201809.so
FSDB Dumper for VCS, Release Verdi_O-2018.09-SP2, Linux x86_64/64bit, 02/21/2019
(C) 1996 - 2019 by Synopsys, Inc.
*Verdi* FSDB WARNING: The FSDB file already exists. Overwriting the FSDB file may crash the programs that are using this file.
*Verdi* : Create FSDB file 'tb_add.fsdb'
*Verdi* : Begin traversing the scopes, layer (0).
*Verdi* : End of traversing.
$finish called from file "tb_add.v", line 26.
$finish at simulation time                  100
           V C S   S i m u l a t i o n   R e p o r t 
Time: 100
CPU Time:      0.190 seconds;       Data structure size:   0.0Mb
Sat Nov 26 22:14:47 2022
CPU time: .149 seconds to compile + .146 seconds to elab + .210 seconds to link + .217 seconds in simulation
