Verdi (R)

Release Verdi_O-2018.09-SP2 for (RH Linux x86_64/64bit) -- Thu Feb 21 04:40:56 PDT 2019

Copyright (c) 1999 - 2019 Synopsys, Inc.
This software and the associated documentation are proprietary to Synopsys, Inc. 
This software may only be used in accordance with the terms and conditions of a written license agreement with Synopsys, Inc. 
All other use, reproduction, or distribution of this software is strictly prohibited.


Total number of converted HDL2CELL cells=0 (normal modules=0)
Inferring module tb_xorfunc, file tb_xorfunc.v, line 1~22 (Verilog)

Warning!(BA-38) "tb_xorfunc.v", Line: 17~21
'always' statement is inferred as a black box because of no sensitivity list.

Module tb_xorfunc, File tb_xorfunc.v, Line 1~22, Total error(s) 0, warning(s) 1


Verdi design analysis: total error(s) 0, total warning(s) 1.
---- Any errors/warnings, please refer to file /home/mjh/IC_Experient/xorfunc/verdiLog/novas.log -----------------------
Inferring module xorfunc, file xorfunc.v, line 1~14 (Verilog)


Verdi design analysis: total error(s) 0, total warning(s) 0.
[Symbol Library from default setting]
  library Path = /home/mjh/IC_EDA/Synopsys/verdi2018/verdi/Verdi_O-2018.09-SP2/share/symlib/64
  library Name = default_u
[Symbol Library from manual setting]
  There are 0 library path(s) and 0 library name(s):


